<?xml version="1.0" encoding="UTF-8"?>
<!-- Generated by org.testng.reporters.JUnitXMLReporter -->
<testsuite ignored="0" hostname="Kevins-MBP" failures="0" tests="10" name="Surefire test" time="0.603" errors="0" timestamp="2022-06-13T22:18:01 BST">
  <testcase classname="org.restassured.AppTest" name="shouldAnswerWithTrue" time="0.002"/>
  <testcase classname="org.restassured.loginTest" name="logIn" time="0.0"/>
  <testcase classname="org.restassured.loginTest" name="logIn" time="0.001"/>
  <testcase classname="org.restassured.loginTest" name="logIn" time="0.0"/>
  <testcase classname="org.restassured.loginTest" name="logIn" time="0.0"/>
  <testcase classname="org.restassured.loginTest" name="validateLoginFeature" time="0.0"/>
  <testcase classname="org.restassured.loginTest" name="validateLoginFeature" time="0.0"/>
  <testcase classname="org.restassured.loginTest" name="validateLoginFeature" time="0.0"/>
  <testcase classname="org.restassured.loginTest" name="validateLoginFeature" time="0.0"/>
  <testcase classname="org.restassured.SumValidationTest" name="sumOfCourses" time="0.586"/>
</testsuite> <!-- Surefire test -->
