<?xml version="1.0" encoding="UTF-8"?>
<testng-results ignored="0" total="10" passed="10" failed="0" skipped="0">
  <reporter-output>
  </reporter-output>
  <suite started-at="2022-06-13T22:18:01 BST" name="Surefire suite" finished-at="2022-06-13T22:18:01 BST" duration-ms="603">
    <groups>
    </groups>
    <test started-at="2022-06-13T22:18:01 BST" name="Surefire test" finished-at="2022-06-13T22:18:01 BST" duration-ms="603">
      <class name="org.restassured.loginTest">
        <test-method signature="logIn(java.lang.String,java.lang.String,boolean)[pri:0, instance:org.restassured.loginTest@33cb5951]" started-at="2022-06-13T22:18:01 BST" name="logIn" data-provider="TestData" finished-at="2022-06-13T22:18:01 BST" duration-ms="1" status="PASS">
          <params>
            <param index="0">
              <value>
                <![CDATA[Joe@Doe.com]]>
              </value>
            </param>
            <param index="1">
              <value>
                <![CDATA[DoeDoe34]]>
              </value>
            </param>
            <param index="2">
              <value>
                <![CDATA[false]]>
              </value>
            </param>
          </params>
          <reporter-output>
          </reporter-output>
        </test-method> <!-- logIn -->
        <test-method signature="logIn(java.lang.String,java.lang.String,boolean)[pri:0, instance:org.restassured.loginTest@33cb5951]" started-at="2022-06-13T22:18:01 BST" name="logIn" data-provider="TestData" finished-at="2022-06-13T22:18:01 BST" duration-ms="0" status="PASS">
          <params>
            <param index="0">
              <value>
                <![CDATA[TestNG@Framework.com]]>
              </value>
            </param>
            <param index="1">
              <value>
                <![CDATA[TestNG1234]]>
              </value>
            </param>
            <param index="2">
              <value>
                <![CDATA[true]]>
              </value>
            </param>
          </params>
          <reporter-output>
          </reporter-output>
        </test-method> <!-- logIn -->
        <test-method signature="validateLoginFeature(java.lang.String,java.lang.String,boolean)[pri:0, instance:org.restassured.loginTest@33cb5951]" started-at="2022-06-13T22:18:01 BST" name="validateLoginFeature" data-provider="TestData" finished-at="2022-06-13T22:18:01 BST" duration-ms="0" status="PASS">
          <params>
            <param index="0">
              <value>
                <![CDATA[TestNG@Framework.com]]>
              </value>
            </param>
            <param index="1">
              <value>
                <![CDATA[TestNG1234]]>
              </value>
            </param>
            <param index="2">
              <value>
                <![CDATA[true]]>
              </value>
            </param>
          </params>
          <reporter-output>
          </reporter-output>
        </test-method> <!-- validateLoginFeature -->
        <test-method signature="logIn(java.lang.String,java.lang.String,boolean)[pri:0, instance:org.restassured.loginTest@33cb5951]" started-at="2022-06-13T22:18:01 BST" name="logIn" data-provider="TestData" finished-at="2022-06-13T22:18:01 BST" duration-ms="0" status="PASS">
          <params>
            <param index="0">
              <value>
                <![CDATA[kevin@huma.com]]>
              </value>
            </param>
            <param index="1">
              <value>
                <![CDATA[Tester@11]]>
              </value>
            </param>
            <param index="2">
              <value>
                <![CDATA[false]]>
              </value>
            </param>
          </params>
          <reporter-output>
          </reporter-output>
        </test-method> <!-- logIn -->
        <test-method signature="logIn(java.lang.String,java.lang.String,boolean)[pri:0, instance:org.restassured.loginTest@33cb5951]" started-at="2022-06-13T22:18:01 BST" name="logIn" data-provider="TestData" finished-at="2022-06-13T22:18:01 BST" duration-ms="0" status="PASS">
          <params>
            <param index="0">
              <value>
                <![CDATA[Test@AutomationU.com]]>
              </value>
            </param>
            <param index="1">
              <value>
                <![CDATA[TAU1234]]>
              </value>
            </param>
            <param index="2">
              <value>
                <![CDATA[true]]>
              </value>
            </param>
          </params>
          <reporter-output>
          </reporter-output>
        </test-method> <!-- logIn -->
        <test-method signature="validateLoginFeature(java.lang.String,java.lang.String,boolean)[pri:0, instance:org.restassured.loginTest@33cb5951]" started-at="2022-06-13T22:18:01 BST" name="validateLoginFeature" data-provider="TestData" finished-at="2022-06-13T22:18:01 BST" duration-ms="0" status="PASS">
          <params>
            <param index="0">
              <value>
                <![CDATA[Test@AutomationU.com]]>
              </value>
            </param>
            <param index="1">
              <value>
                <![CDATA[TAU1234]]>
              </value>
            </param>
            <param index="2">
              <value>
                <![CDATA[true]]>
              </value>
            </param>
          </params>
          <reporter-output>
          </reporter-output>
        </test-method> <!-- validateLoginFeature -->
        <test-method signature="validateLoginFeature(java.lang.String,java.lang.String,boolean)[pri:0, instance:org.restassured.loginTest@33cb5951]" started-at="2022-06-13T22:18:01 BST" name="validateLoginFeature" data-provider="TestData" finished-at="2022-06-13T22:18:01 BST" duration-ms="0" status="PASS">
          <params>
            <param index="0">
              <value>
                <![CDATA[Joe@Doe.com]]>
              </value>
            </param>
            <param index="1">
              <value>
                <![CDATA[DoeDoe34]]>
              </value>
            </param>
            <param index="2">
              <value>
                <![CDATA[false]]>
              </value>
            </param>
          </params>
          <reporter-output>
          </reporter-output>
        </test-method> <!-- validateLoginFeature -->
        <test-method signature="validateLoginFeature(java.lang.String,java.lang.String,boolean)[pri:0, instance:org.restassured.loginTest@33cb5951]" started-at="2022-06-13T22:18:01 BST" name="validateLoginFeature" data-provider="TestData" finished-at="2022-06-13T22:18:01 BST" duration-ms="0" status="PASS">
          <params>
            <param index="0">
              <value>
                <![CDATA[kevin@huma.com]]>
              </value>
            </param>
            <param index="1">
              <value>
                <![CDATA[Tester@11]]>
              </value>
            </param>
            <param index="2">
              <value>
                <![CDATA[false]]>
              </value>
            </param>
          </params>
          <reporter-output>
          </reporter-output>
        </test-method> <!-- validateLoginFeature -->
      </class> <!-- org.restassured.loginTest -->
      <class name="org.restassured.AppTest">
        <test-method signature="shouldAnswerWithTrue()[pri:0, instance:org.restassured.AppTest@290dbf45]" started-at="2022-06-13T22:18:01 BST" name="shouldAnswerWithTrue" finished-at="2022-06-13T22:18:01 BST" duration-ms="2" status="PASS">
          <reporter-output>
          </reporter-output>
        </test-method> <!-- shouldAnswerWithTrue -->
      </class> <!-- org.restassured.AppTest -->
      <class name="org.restassured.SumValidationTest">
        <test-method signature="sumOfCourses()[pri:0, instance:org.restassured.SumValidationTest@365c30cc]" started-at="2022-06-13T22:18:01 BST" name="sumOfCourses" finished-at="2022-06-13T22:18:01 BST" duration-ms="586" status="PASS">
          <reporter-output>
          </reporter-output>
        </test-method> <!-- sumOfCourses -->
      </class> <!-- org.restassured.SumValidationTest -->
    </test> <!-- Surefire test -->
  </suite> <!-- Surefire suite -->
</testng-results>
