<?xml version="1.0" encoding="UTF-8"?>
<testng-results ignored="0" total="1" passed="1" failed="0" skipped="0">
  <reporter-output>
  </reporter-output>
  <suite started-at="2022-03-16T07:57:59 GMT" name="Surefire suite" finished-at="2022-03-16T07:57:59 GMT" duration-ms="12">
    <groups>
    </groups>
    <test started-at="2022-03-16T07:57:59 GMT" name="Surefire test" finished-at="2022-03-16T07:57:59 GMT" duration-ms="12">
      <class name="org.restassured.AppTest">
        <test-method signature="shouldAnswerWithTrue()[pri:0, instance:org.restassured.AppTest@1fc2b765]" started-at="2022-03-16T07:57:59 GMT" name="shouldAnswerWithTrue" finished-at="2022-03-16T07:57:59 GMT" duration-ms="2" status="PASS">
          <reporter-output>
          </reporter-output>
        </test-method> <!-- shouldAnswerWithTrue -->
      </class> <!-- org.restassured.AppTest -->
    </test> <!-- Surefire test -->
  </suite> <!-- Surefire suite -->
</testng-results>
